生成启动时间为 2016/4/12 10:25:42。
     1>项目“E:\C\example1\example1\example1.vcxproj”在节点 2 上(Build 个目标)。
     1>ClCompile:
         C:\Program Files (x86)\Microsoft Visual Studio 12.0\VC\bin\CL.exe /c /ZI /nologo /W3 /WX- /Od /Oy- /D WIN32 /D _DEBUG /D _CONSOLE /D _LIB /D WPCAP /D HAVE_REMOTE /D _UNICODE /D UNICODE /Gm /EHsc /RTC1 /MDd /GS /fp:precise /Zc:wchar_t /Zc:forScope /Fo"Debug\\" /Fd"Debug\vc120.pdb" /Gd /TP /analyze- /errorReport:prompt "1.本地适配器信息.cpp" "3.打开适配器并捕获数据包.cpp"
         3.打开适配器并捕获数据包.cpp
     1>e:\c\example1\example1\3.打开适配器并捕获数据包.cpp(39): warning C4996: 'scanf': This function or variable may be unsafe. Consider using scanf_s instead. To disable deprecation, use _CRT_SECURE_NO_WARNINGS. See online help for details.
                 c:\program files (x86)\microsoft visual studio 12.0\vc\include\stdio.h(283) : 参见“scanf”的声明
     1>e:\c\example1\example1\3.打开适配器并捕获数据包.cpp(88): warning C4996: 'localtime': This function or variable may be unsafe. Consider using localtime_s instead. To disable deprecation, use _CRT_SECURE_NO_WARNINGS. See online help for details.
                 c:\program files (x86)\microsoft visual studio 12.0\vc\include\time.inl(112) : 参见“localtime”的声明
         1.本地适配器信息.cpp
     1>e:\c\example1\example1\1.本地适配器信息.cpp(4): warning C4005: “HAVE_REMOTE”: 宏重定义
                 命令行参数: 参见前面的“HAVE_REMOTE”定义
         正在生成代码...
       Link:
         C:\Program Files (x86)\Microsoft Visual Studio 12.0\VC\bin\link.exe /ERRORREPORT:PROMPT /OUT:"E:\C\协议分析\Debug\example1.exe" /INCREMENTAL /NOLOGO kernel32.lib user32.lib gdi32.lib winspool.lib comdlg32.lib advapi32.lib shell32.lib ole32.lib oleaut32.lib uuid.lib odbc32.lib odbccp32.lib /MANIFEST /MANIFESTUAC:"level='asInvoker' uiAccess='false'" /manifest:embed /DEBUG /PDB:"E:\C\协议分析\Debug\example1.pdb" /SUBSYSTEM:CONSOLE /TLBID:1 /DYNAMICBASE /NXCOMPAT /IMPLIB:"E:\C\协议分析\Debug\example1.lib" /MACHINE:X86 wpcap.lib ws2_32.lib Debug\0.obj
         "Debug\3.打开适配器并捕获数据包.obj"
         "Debug\1.本地适配器信息.obj"
         "Debug\2.已安装设备的高级信息.obj"
         "Debug\4.不用回调方法捕获数据包.obj"
         example1.vcxproj -> E:\C\协议分析\Debug\example1.exe
     1>已完成生成项目“E:\C\example1\example1\example1.vcxproj”(Build 个目标)的操作。

生成成功。

已用时间 00:00:01.59
